<?xml version="1.0" encoding="UTF-8"?>
<!-- Generated by org.testng.reporters.JUnitXMLReporter -->
<testsuite hostname="QSI026513" ignored="0" name="TestonIE" tests="1" failures="1" timestamp="2020-05-17T16:08:07 CDT" time="1.076" errors="0">
  <testcase name="TestExecute" time="0.001" classname="TestNGPriority.TestNGMultiBrowserDemo">
    <failure type="java.lang.NullPointerException">
      <![CDATA[java.lang.NullPointerException
at TestNGPriority.TestNGMultiBrowserDemo.TestExecute(TestNGMultiBrowserDemo.java:32)
at java.util.ArrayList.forEach(Unknown Source)
at java.util.concurrent.FutureTask.run(Unknown Source)
at java.util.concurrent.ThreadPoolExecutor.runWorker(Unknown Source)
at java.util.concurrent.ThreadPoolExecutor$Worker.run(Unknown Source)
at java.lang.Thread.run(Unknown Source)
... Removed 18 stack frames]]>
    </failure>
  </testcase> <!-- TestExecute -->
</testsuite> <!-- TestonIE -->
